Arguments: 
  C:\Program Files\nodejs\node.exe C:\Users\Dell\AppData\Roaming\npm\node_modules\yarn\bin\yarn.js add react-useanimations

PATH: 
  C:\Program Files\WindowsApps\Microsoft.PowerShell_7.2.1.0_x64__8wekyb3d8bbwe;C:\ProgramData\Oracle\Java\javapath;C:\Program Files\Common Files\Oracle\Java\javapath;C:\Program Files (x86)\VMware\VMware Player\bin\;C:\Program Files (x86)\Common Files\Intel\Shared Libraries\redist\intel64\compiler;C:\Program Files (x86)\Common Files\Oracle\Java\javapath;C:\WINDOWS\system32;C:\WINDOWS;C:\WINDOWS\System32\Wbem;C:\WINDOWS\System32\WindowsPowerShell\v1.0\;C:\WINDOWS\System32\OpenSSH\;D:\code blocks\CodeBlocks\MinGW\bin;C:\Program Files\Git\cmd;C:\Program Files\nodejs\;C:\Users\Dell\scoop\apps\gcc\current\bin;C:\Users\Dell\scoop\shims;C:\Users\Dell\AppData\Local\Programs\Python\Python39\Scripts\;C:\Users\Dell\AppData\Local\Programs\Python\Python39\;C:\Users\Dell\AppData\Local\Microsoft\WindowsApps;D:\Desktop\Microsoft VS Code\bin;C:\Users\Dell\AppData\Local\Programs\Microsoft VS Code\bin;C:\Program Files\MongoDB\Server\5.0\bin;C:\Users\Dell\AppData\Local\Microsoft\WindowsApps;C:\Users\Dell\AppData\Roaming\npm

Yarn version: 
  1.22.19

Node version: 
  18.12.0

Platform: 
  win32 x64

Trace: 
  Error: EPERM: operation not permitted, copyfile 'C:\Users\Dell\AppData\Local\Yarn\Cache\v6\npm-ansi-html-community-0.0.8-69fbc4d6ccbe383f9736934ae34c3f8290f1bf41-integrity\node_modules\ansi-html-community\package.json' -> 'C:\Users\Dell\Desktop\club files\salaah\02-11-22\new\salaah-final\node_modules\ansi-html-community\package.json'

npm manifest: 
  {
    "name": "salaah",
    "version": "0.1.0",
    "private": true,
    "dependencies": {
      "@emailjs/browser": "^3.8.0",
      "@emotion/react": "^11.10.5",
      "@emotion/styled": "^11.10.5",
      "@mui/lab": "^5.0.0-alpha.106",
      "@mui/material": "^5.10.12",
      "@react-spring/three": "^9.5.5",
      "@react-spring/web": "^9.5.5",
      "@react-three/drei": "^9.40.0",
      "@react-three/fiber": "^8.9.1",
      "@testing-library/jest-dom": "^5.16.5",
      "@testing-library/react": "^13.4.0",
      "@testing-library/user-event": "^13.5.0",
      "emailjs": "^4.0.1",
      "framer-motion": "^7.6.6",
      "locomotive-scroll": "^4.1.4",
      "react": "^18.2.0",
      "react-dom": "^18.2.0",
      "react-icons": "^4.6.0",
      "react-locomotive-scroll": "^0.2.2",
      "react-router-dom": "^6.4.3",
      "react-scripts": "5.0.1",
      "resize-observer-polyfill": "^1.5.1",
      "sass": "^1.56.1",
      "swiper": "^8.4.4",
      "three": "^0.146.0",
      "web-vitals": "^2.1.4"
    },
    "scripts": {
      "start": "react-scripts start",
      "build": "react-scripts build",
      "test": "react-scripts test",
      "eject": "react-scripts eject"
    },
    "eslintConfig": {
      "extends": [
        "react-app",
        "react-app/jest"
      ]
    },
    "browserslist": {
      "production": [
        ">0.2%",
        "not dead",
        "not op_mini all"
      ],
      "development": [
        "last 1 chrome version",
        "last 1 firefox version",
        "last 1 safari version"
      ]
    }
  }

yarn manifest: 
  No manifest

Lockfile: 
  No lockfile
